ARRIVED IN TABLE Person
ADDED COLUMN id
IS PRIMARY KEY
ADDED COLUMN Party_id
ADDING FK REFERENCING OUT
ADDING FK REFERENCING IN
ADDING FK REFERENCING IN
ADDING FK REFERENCING IN
LEAVING TABLE Person

ARRIVED IN TABLE Person_Name
ADDED COLUMN id
IS PRIMARY KEY
ADDED COLUMN Person_id
ADDED COLUMN name
ADDED COLUMN from_date
ADDED COLUMN thru_date
ADDING FK REFERENCING OUT
LEAVING TABLE Person_Name

ARRIVED IN TABLE Gender_Association
ADDED COLUMN id
IS PRIMARY KEY
ADDED COLUMN Person_id
ADDED COLUMN Gender_Type_id
ADDED COLUMN from_date
ADDED COLUMN thru_date
ADDING FK REFERENCING OUT
ADDING FK REFERENCING OUT
LEAVING TABLE Gender_Association

ARRIVED IN TABLE Gender_Type
ADDED COLUMN id
IS PRIMARY KEY
ADDED COLUMN name
ADDED COLUMN description
ADDING FK REFERENCING IN
LEAVING TABLE Gender_Type

ARRIVED IN TABLE Organization
ADDED COLUMN id
IS PRIMARY KEY
ADDED COLUMN Party_id
ADDING FK REFERENCING OUT
ADDING FK REFERENCING IN
ADDING FK REFERENCING IN
ADDING FK REFERENCING IN
ADDING FK REFERENCING IN
ADDING FK REFERENCING IN
ADDING FK REFERENCING IN
ADDING FK REFERENCING IN
LEAVING TABLE Organization

ARRIVED IN TABLE Organization_Name
ADDED COLUMN id
IS PRIMARY KEY
ADDED COLUMN Organization_id
ADDED COLUMN name
ADDED COLUMN from_date
ADDED COLUMN thru_date
ADDING FK REFERENCING OUT
LEAVING TABLE Organization_Name

ARRIVED IN TABLE Legal_Organization
ADDED COLUMN id
IS PRIMARY KEY
ADDED COLUMN Organization_id
ADDED COLUMN federal_tax_id
ADDING FK REFERENCING OUT
LEAVING TABLE Legal_Organization

ARRIVED IN TABLE Informal_Organization
ADDED COLUMN id
IS PRIMARY KEY
ADDED COLUMN Organization_id
ADDING FK REFERENCING OUT
LEAVING TABLE Informal_Organization

ARRIVED IN TABLE Party
ADDED COLUMN id
IS PRIMARY KEY
ADDING FK REFERENCING IN
ADDING FK REFERENCING IN
ADDING FK REFERENCING IN
ADDING FK REFERENCING IN
ADDING FK REFERENCING IN
ADDING FK REFERENCING IN
ADDING FK REFERENCING IN
ADDING FK REFERENCING IN
ADDING FK REFERENCING IN
ADDING FK REFERENCING IN
ADDING FK REFERENCING IN
ADDING FK REFERENCING IN
ADDING FK REFERENCING IN
ADDING FK REFERENCING IN
ADDING FK REFERENCING IN
ADDING FK REFERENCING IN
LEAVING TABLE Party

ARRIVED IN TABLE Organization_Person_Association
ADDED COLUMN id
IS PRIMARY KEY
ADDED COLUMN Person_id
ADDED COLUMN Organization_id
ADDED COLUMN from_date
ADDED COLUMN thru_date
ADDING FK REFERENCING OUT
ADDING FK REFERENCING OUT
ADDING FK REFERENCING IN
LEAVING TABLE Organization_Person_Association

ARRIVED IN TABLE Party_Description_Association
ADDED COLUMN id
IS PRIMARY KEY
ADDED COLUMN Party_Description_id
ADDED COLUMN Party_id
ADDED COLUMN from_date
ADDED COLUMN thru_date
ADDING FK REFERENCING OUT
ADDING FK REFERENCING OUT
LEAVING TABLE Party_Description_Association

ARRIVED IN TABLE Party_Description
ADDED COLUMN id
IS PRIMARY KEY
ADDED COLUMN description
ADDING FK REFERENCING IN
LEAVING TABLE Party_Description

ARRIVED IN TABLE Party_Role
ADDED COLUMN id
IS PRIMARY KEY
ADDED COLUMN Party_id
ADDED COLUMN from_date
ADDED COLUMN thru_date
ADDING FK REFERENCING OUT
ADDING FK REFERENCING IN
ADDING FK REFERENCING IN
ADDING FK REFERENCING IN
ADDING FK REFERENCING IN
LEAVING TABLE Party_Role

ARRIVED IN TABLE Person_Role
ADDED COLUMN id
IS PRIMARY KEY
ADDED COLUMN Party_Role_id
ADDING FK REFERENCING OUT
ADDING FK REFERENCING IN
ADDING FK REFERENCING IN
ADDING FK REFERENCING IN
LEAVING TABLE Person_Role

ARRIVED IN TABLE Role_of_Organization
ADDED COLUMN id
IS PRIMARY KEY
ADDED COLUMN Party_Role_id
ADDING FK REFERENCING OUT
ADDING FK REFERENCING IN
ADDING FK REFERENCING IN
ADDING FK REFERENCING IN
LEAVING TABLE Role_of_Organization

ARRIVED IN TABLE Employee
ADDED COLUMN id
IS PRIMARY KEY
ADDED COLUMN Person_Role_id
ADDING FK REFERENCING OUT
LEAVING TABLE Employee

ARRIVED IN TABLE Contractor
ADDED COLUMN id
IS PRIMARY KEY
ADDED COLUMN Person_Role_id
ADDING FK REFERENCING OUT
LEAVING TABLE Contractor

ARRIVED IN TABLE Contact
ADDED COLUMN id
IS PRIMARY KEY
ADDED COLUMN Person_Role_id
ADDING FK REFERENCING OUT
LEAVING TABLE Contact

ARRIVED IN TABLE Distributor
ADDED COLUMN id
IS PRIMARY KEY
ADDED COLUMN Organization_Role_id
ADDING FK REFERENCING OUT
LEAVING TABLE Distributor

ARRIVED IN TABLE Internal_Department
ADDED COLUMN id
IS PRIMARY KEY
ADDED COLUMN Organization_Role_id
ADDING FK REFERENCING OUT
LEAVING TABLE Internal_Department

ARRIVED IN TABLE Customer
ADDED COLUMN id
IS PRIMARY KEY
ADDED COLUMN Party_Role_id
ADDING FK REFERENCING OUT
LEAVING TABLE Customer

ARRIVED IN TABLE Competition
ADDED COLUMN id
IS PRIMARY KEY
ADDED COLUMN Organization_Role_id
ADDING FK REFERENCING OUT
LEAVING TABLE Competition

ARRIVED IN TABLE Lead
ADDED COLUMN id
IS PRIMARY KEY
ADDED COLUMN Party_Role_id
ADDING FK REFERENCING OUT
LEAVING TABLE Lead

ARRIVED IN TABLE Party_Relationship
ADDED COLUMN id
IS PRIMARY KEY
ADDED COLUMN Party_id_1
ADDED COLUMN Party_id_2
ADDED COLUMN from_date
ADDED COLUMN thru_date
ADDED COLUMN comment
ADDING FK REFERENCING OUT
ADDING FK REFERENCING OUT
ADDING FK REFERENCING IN
ADDING FK REFERENCING IN
LEAVING TABLE Party_Relationship

ARRIVED IN TABLE Relationship_Note
ADDED COLUMN id
IS PRIMARY KEY
ADDED COLUMN Party_Relationship_id
ADDED COLUMN timestamp
ADDED COLUMN note
ADDING FK REFERENCING OUT
LEAVING TABLE Relationship_Note

ARRIVED IN TABLE Communication_Event
ADDED COLUMN id
IS PRIMARY KEY
ADDED COLUMN Party_Relationship_id
ADDED COLUMN Communication_Event_Status_Type_id
ADDED COLUMN Communication_Mechanism_Type_id
ADDED COLUMN datetime_start
ADDED COLUMN datetime_end
ADDED COLUMN note
ADDING FK REFERENCING OUT
ADDING FK REFERENCING OUT
ADDING FK REFERENCING OUT
ADDING FK REFERENCING IN
ADDING FK REFERENCING IN
LEAVING TABLE Communication_Event

ARRIVED IN TABLE Communication_Mechanism
ADDED COLUMN id
IS PRIMARY KEY
ADDING FK REFERENCING IN
ADDING FK REFERENCING IN
ADDING FK REFERENCING IN
ADDING FK REFERENCING IN
ADDING FK REFERENCING IN
ADDING FK REFERENCING IN
ADDING FK REFERENCING IN
LEAVING TABLE Communication_Mechanism

ARRIVED IN TABLE Email_Address
ADDED COLUMN id
IS PRIMARY KEY
ADDED COLUMN Communication_Mechanism_id
ADDED COLUMN email
ADDING FK REFERENCING OUT
LEAVING TABLE Email_Address

ARRIVED IN TABLE Phone_Number
ADDED COLUMN id
IS PRIMARY KEY
ADDED COLUMN Communication_Mechanism_id
ADDED COLUMN phone_name
ADDED COLUMN phone_number
ADDING FK REFERENCING OUT
ADDING FK REFERENCING IN
LEAVING TABLE Phone_Number

ARRIVED IN TABLE Address
ADDED COLUMN id
IS PRIMARY KEY
ADDED COLUMN Communication_Mechanism_id
ADDED COLUMN street_address
ADDED COLUMN street_address_2
ADDED COLUMN city
ADDED COLUMN state
ADDED COLUMN zip
ADDING FK REFERENCING OUT
ADDING FK REFERENCING IN
ADDING FK REFERENCING IN
LEAVING TABLE Address

ARRIVED IN TABLE Party_Communication_Association
ADDED COLUMN id
IS PRIMARY KEY
ADDED COLUMN Communication_Mechanism_id
ADDED COLUMN Party_id
ADDED COLUMN from_date
ADDED COLUMN thru_date
ADDED COLUMN note
ADDING FK REFERENCING OUT
ADDING FK REFERENCING OUT
LEAVING TABLE Party_Communication_Association

ARRIVED IN TABLE Facility
ADDED COLUMN id
IS PRIMARY KEY
ADDED COLUMN name
ADDING FK REFERENCING IN
ADDING FK REFERENCING IN
ADDING FK REFERENCING IN
ADDING FK REFERENCING IN
ADDING FK REFERENCING IN
ADDING FK REFERENCING IN
LEAVING TABLE Facility

ARRIVED IN TABLE Facility_Organization_Association
ADDED COLUMN id
IS PRIMARY KEY
ADDED COLUMN Facility_id
ADDED COLUMN Organization_id
ADDED COLUMN from_date
ADDED COLUMN thru_date
ADDING FK REFERENCING OUT
ADDING FK REFERENCING OUT
LEAVING TABLE Facility_Organization_Association

ARRIVED IN TABLE Facility_Communication_Association
ADDED COLUMN id
IS PRIMARY KEY
ADDED COLUMN Facility_id
ADDED COLUMN Communication_Mechanism_id
ADDED COLUMN from_date
ADDED COLUMN thru_date
ADDING FK REFERENCING OUT
ADDING FK REFERENCING OUT
LEAVING TABLE Facility_Communication_Association

ARRIVED IN TABLE Product
ADDED COLUMN id
IS PRIMARY KEY
ADDED COLUMN name
ADDED COLUMN introduction_date
ADDED COLUMN discontinuation_date
ADDED COLUMN eol_date
ADDED COLUMN comment
ADDING FK REFERENCING IN
ADDING FK REFERENCING IN
ADDING FK REFERENCING IN
ADDING FK REFERENCING IN
ADDING FK REFERENCING IN
ADDING FK REFERENCING IN
ADDING FK REFERENCING IN
ADDING FK REFERENCING IN
ADDING FK REFERENCING IN
ADDING FK REFERENCING IN
ADDING FK REFERENCING IN
ADDING FK REFERENCING IN
ADDING FK REFERENCING IN
ADDING FK REFERENCING IN
ADDING FK REFERENCING IN
ADDING FK REFERENCING IN
ADDING FK REFERENCING IN
ADDING FK REFERENCING IN
LEAVING TABLE Product

ARRIVED IN TABLE Good
ADDED COLUMN id
IS PRIMARY KEY
ADDED COLUMN Product_id
ADDING FK REFERENCING OUT
ADDING FK REFERENCING IN
ADDING FK REFERENCING IN
ADDING FK REFERENCING IN
ADDING FK REFERENCING IN
ADDING FK REFERENCING IN
LEAVING TABLE Good

ARRIVED IN TABLE Service
ADDED COLUMN id
IS PRIMARY KEY
ADDED COLUMN Product_id
ADDING FK REFERENCING OUT
LEAVING TABLE Service

ARRIVED IN TABLE Product_Category_Classification
ADDED COLUMN id
IS PRIMARY KEY
ADDED COLUMN Product_id
ADDED COLUMN Product_Category_id
ADDED COLUMN from_date
ADDED COLUMN thru_date
ADDED COLUMN primary_flag
ADDED COLUMN comment
ADDING FK REFERENCING OUT
ADDING FK REFERENCING OUT
LEAVING TABLE Product_Category_Classification

ARRIVED IN TABLE Product_Category
ADDED COLUMN id
IS PRIMARY KEY
ADDED COLUMN description
ADDING FK REFERENCING IN
ADDING FK REFERENCING IN
ADDING FK REFERENCING IN
ADDING FK REFERENCING IN
ADDING FK REFERENCING IN
LEAVING TABLE Product_Category

ARRIVED IN TABLE Product_Category_Rollup
ADDED COLUMN id
IS PRIMARY KEY
ADDED COLUMN Product_Category_id_parent
ADDED COLUMN Product_Category_id_child
ADDING FK REFERENCING OUT
ADDING FK REFERENCING OUT
LEAVING TABLE Product_Category_Rollup

ARRIVED IN TABLE Role_in_Organization
ADDED COLUMN id
IS PRIMARY KEY
ADDED COLUMN name
ADDING FK REFERENCING IN
LEAVING TABLE Role_in_Organization

ARRIVED IN TABLE Organization_Role_Classification
ADDED COLUMN id
IS PRIMARY KEY
ADDED COLUMN Organization_Person_Association_id
ADDED COLUMN Organization_Role_id
ADDED COLUMN description
ADDING FK REFERENCING OUT
ADDING FK REFERENCING OUT
LEAVING TABLE Organization_Role_Classification

ARRIVED IN TABLE Good_Identification
ADDED COLUMN id
IS PRIMARY KEY
ADDED COLUMN Good_id
ADDING FK REFERENCING OUT
ADDING FK REFERENCING IN
ADDING FK REFERENCING IN
ADDING FK REFERENCING IN
ADDING FK REFERENCING IN
LEAVING TABLE Good_Identification

ARRIVED IN TABLE Manufacturer_ID_Number
ADDED COLUMN id
IS PRIMARY KEY
ADDED COLUMN Good_Identification_id
ADDED COLUMN manufacturer_id_number
ADDING FK REFERENCING OUT
LEAVING TABLE Manufacturer_ID_Number

ARRIVED IN TABLE SKU
ADDED COLUMN id
IS PRIMARY KEY
ADDED COLUMN Good_Identification_id
ADDED COLUMN sku_id
ADDING FK REFERENCING OUT
LEAVING TABLE SKU

ARRIVED IN TABLE MD_PIN
ADDED COLUMN id
IS PRIMARY KEY
ADDED COLUMN Good_Identification_id
ADDED COLUMN md_pin_manufacturer
ADDED COLUMN md_pin_handset
ADDED COLUMN md_pin_subsystem
ADDED COLUMN md_pin_origin
ADDING FK REFERENCING OUT
ADDING FK REFERENCING IN
ADDING FK REFERENCING IN
LEAVING TABLE MD_PIN

ARRIVED IN TABLE MD_PIN_Child_Reference
ADDED COLUMN id
IS PRIMARY KEY
ADDED COLUMN MD_PIN_id_this
ADDED COLUMN md_pin_child_code
ADDED COLUMN MD_PIN_id_child
ADDING FK REFERENCING OUT
ADDING FK REFERENCING OUT
LEAVING TABLE MD_PIN_Child_Reference

ARRIVED IN TABLE Product_Feature
ADDED COLUMN id
IS PRIMARY KEY
ADDED COLUMN description
ADDING FK REFERENCING IN
ADDING FK REFERENCING IN
ADDING FK REFERENCING IN
ADDING FK REFERENCING IN
ADDING FK REFERENCING IN
LEAVING TABLE Product_Feature

ARRIVED IN TABLE Product_Feature_Applicability
ADDED COLUMN id
IS PRIMARY KEY
ADDED COLUMN Product_id
ADDED COLUMN Product_Feature_id
ADDED COLUMN from_date
ADDED COLUMN thru_date
ADDING FK REFERENCING OUT
ADDING FK REFERENCING OUT
ADDING FK REFERENCING IN
ADDING FK REFERENCING IN
ADDING FK REFERENCING IN
ADDING FK REFERENCING IN
LEAVING TABLE Product_Feature_Applicability

ARRIVED IN TABLE Required_Feature
ADDED COLUMN id
IS PRIMARY KEY
ADDED COLUMN Product_Feature_Applicability_id
ADDING FK REFERENCING OUT
LEAVING TABLE Required_Feature

ARRIVED IN TABLE Optional_Feature
ADDED COLUMN id
IS PRIMARY KEY
ADDED COLUMN Product_Feature_Applicability_id
ADDING FK REFERENCING OUT
LEAVING TABLE Optional_Feature

ARRIVED IN TABLE Standard_Feature
ADDED COLUMN id
IS PRIMARY KEY
ADDED COLUMN Product_Feature_Applicability_id
ADDING FK REFERENCING OUT
LEAVING TABLE Standard_Feature

ARRIVED IN TABLE Selectable_Feature
ADDED COLUMN id
IS PRIMARY KEY
ADDED COLUMN Product_Feature_Applicability_id
ADDED COLUMN Selectable_Feature_Group_id
ADDING FK REFERENCING OUT
ADDING FK REFERENCING OUT
LEAVING TABLE Selectable_Feature

ARRIVED IN TABLE Supplier_Product
ADDED COLUMN id
IS PRIMARY KEY
ADDED COLUMN Product_id
ADDED COLUMN Organization_id
ADDED COLUMN from_date
ADDED COLUMN thru_date
ADDED COLUMN standard_lead_time
ADDED COLUMN comment
ADDING FK REFERENCING OUT
ADDING FK REFERENCING OUT
LEAVING TABLE Supplier_Product

ARRIVED IN TABLE Reordering_Guidelines
ADDED COLUMN id
IS PRIMARY KEY
ADDED COLUMN Good_id
ADDED COLUMN from_date
ADDED COLUMN thru_date
ADDED COLUMN reorder_quantity
ADDED COLUMN reorder_level
ADDING FK REFERENCING OUT
LEAVING TABLE Reordering_Guidelines

ARRIVED IN TABLE Inventory_Item
ADDED COLUMN id
IS PRIMARY KEY
ADDED COLUMN Good_id
ADDING FK REFERENCING OUT
ADDING FK REFERENCING IN
ADDING FK REFERENCING IN
ADDING FK REFERENCING IN
ADDING FK REFERENCING IN
ADDING FK REFERENCING IN
ADDING FK REFERENCING IN
LEAVING TABLE Inventory_Item

ARRIVED IN TABLE Serialized_Inventory_Item
ADDED COLUMN id
IS PRIMARY KEY
ADDED COLUMN Inventory_Item_id
ADDED COLUMN serial_number
ADDING FK REFERENCING OUT
LEAVING TABLE Serialized_Inventory_Item

ARRIVED IN TABLE Nonserialized_Inventory_Item
ADDED COLUMN id
IS PRIMARY KEY
ADDED COLUMN Inventory_Item_id
ADDED COLUMN quantity_on_hand
ADDING FK REFERENCING OUT
LEAVING TABLE Nonserialized_Inventory_Item

ARRIVED IN TABLE Inventory_Variance
ADDED COLUMN id
IS PRIMARY KEY
ADDED COLUMN inventory_variance_date
ADDED COLUMN Inventory_Item_id
ADDED COLUMN Reason_id
ADDED COLUMN quantity
ADDED COLUMN comment
ADDING FK REFERENCING OUT
ADDING FK REFERENCING OUT
LEAVING TABLE Inventory_Variance

ARRIVED IN TABLE Reason
ADDED COLUMN id
IS PRIMARY KEY
ADDED COLUMN description
ADDING FK REFERENCING IN
LEAVING TABLE Reason

ARRIVED IN TABLE Building
ADDED COLUMN id
IS PRIMARY KEY
ADDED COLUMN Facility_id
ADDING FK REFERENCING OUT
LEAVING TABLE Building

ARRIVED IN TABLE Room
ADDED COLUMN id
IS PRIMARY KEY
ADDED COLUMN Facility_id
ADDING FK REFERENCING OUT
LEAVING TABLE Room

ARRIVED IN TABLE Facility_Rollup
ADDED COLUMN id
IS PRIMARY KEY
ADDED COLUMN Facility_id_parent
ADDED COLUMN Facility_id_child
ADDING FK REFERENCING OUT
ADDING FK REFERENCING OUT
LEAVING TABLE Facility_Rollup

ARRIVED IN TABLE Price_Component
ADDED COLUMN id
IS PRIMARY KEY
ADDED COLUMN from_date
ADDED COLUMN thru_date
ADDED COLUMN price
ADDED COLUMN percent
ADDED COLUMN comment
ADDING FK REFERENCING IN
ADDING FK REFERENCING IN
ADDING FK REFERENCING IN
ADDING FK REFERENCING IN
ADDING FK REFERENCING IN
ADDING FK REFERENCING IN
ADDING FK REFERENCING IN
ADDING FK REFERENCING IN
ADDING FK REFERENCING IN
ADDING FK REFERENCING IN
ADDING FK REFERENCING IN
LEAVING TABLE Price_Component

ARRIVED IN TABLE Quantity_Break
ADDED COLUMN id
IS PRIMARY KEY
ADDED COLUMN from_quantity
ADDED COLUMN thru_quantity
ADDING FK REFERENCING IN
LEAVING TABLE Quantity_Break

ARRIVED IN TABLE Order_Value
ADDED COLUMN id
IS PRIMARY KEY
ADDED COLUMN from_amount
ADDED COLUMN thru_amount
ADDING FK REFERENCING IN
LEAVING TABLE Order_Value

ARRIVED IN TABLE Sale_Type
ADDED COLUMN id
IS PRIMARY KEY
ADDED COLUMN description
ADDING FK REFERENCING IN
LEAVING TABLE Sale_Type

ARRIVED IN TABLE Base_Price
ADDED COLUMN id
IS PRIMARY KEY
ADDED COLUMN Price_Component_id
ADDING FK REFERENCING OUT
LEAVING TABLE Base_Price

ARRIVED IN TABLE Discount_Component
ADDED COLUMN id
IS PRIMARY KEY
ADDED COLUMN Price_Component_id
ADDING FK REFERENCING OUT
LEAVING TABLE Discount_Component

ARRIVED IN TABLE Surcharge_Component
ADDED COLUMN id
IS PRIMARY KEY
ADDED COLUMN Price_Component_id
ADDING FK REFERENCING OUT
LEAVING TABLE Surcharge_Component

ARRIVED IN TABLE MSRP
ADDED COLUMN id
IS PRIMARY KEY
ADDED COLUMN Price_Component_id
ADDING FK REFERENCING OUT
LEAVING TABLE MSRP

ARRIVED IN TABLE Estimated_Product_Cost
ADDED COLUMN id
IS PRIMARY KEY
ADDED COLUMN from_date
ADDED COLUMN thru_date
ADDED COLUMN cost
ADDING FK REFERENCING IN
ADDING FK REFERENCING IN
ADDING FK REFERENCING IN
ADDING FK REFERENCING IN
ADDING FK REFERENCING IN
ADDING FK REFERENCING IN
ADDING FK REFERENCING IN
LEAVING TABLE Estimated_Product_Cost

ARRIVED IN TABLE Estimated_Materials_Cost
ADDED COLUMN id
IS PRIMARY KEY
ADDED COLUMN Estimated_Product_Cost_id
ADDING FK REFERENCING OUT
LEAVING TABLE Estimated_Materials_Cost

ARRIVED IN TABLE Estimated_Labor_Cost
ADDED COLUMN id
IS PRIMARY KEY
ADDED COLUMN Estimated_Product_Cost_id
ADDING FK REFERENCING OUT
LEAVING TABLE Estimated_Labor_Cost

ARRIVED IN TABLE Estimated_Other_Costs
ADDED COLUMN id
IS PRIMARY KEY
ADDED COLUMN Estimated_Product_Cost_id
ADDING FK REFERENCING OUT
LEAVING TABLE Estimated_Other_Costs

ARRIVED IN TABLE Price_Component_Party_Dependency
ADDED COLUMN id
IS PRIMARY KEY
ADDED COLUMN Price_Component_id
ADDED COLUMN Party_id
ADDING FK REFERENCING OUT
ADDING FK REFERENCING OUT
LEAVING TABLE Price_Component_Party_Dependency

ARRIVED IN TABLE Price_Component_Product_Category_Dependency
ADDED COLUMN id
IS PRIMARY KEY
ADDED COLUMN Price_Component_id
ADDED COLUMN Product_Category_id
ADDING FK REFERENCING OUT
ADDING FK REFERENCING OUT
LEAVING TABLE Price_Component_Product_Category_Dependency

ARRIVED IN TABLE Price_Sale_Type_Dependency
ADDED COLUMN id
IS PRIMARY KEY
ADDED COLUMN Price_Component_id
ADDED COLUMN Sale_Type_id
ADDING FK REFERENCING OUT
ADDING FK REFERENCING OUT
LEAVING TABLE Price_Sale_Type_Dependency

ARRIVED IN TABLE Price_Quantity_Dependency
ADDED COLUMN id
IS PRIMARY KEY
ADDED COLUMN Price_Component_id
ADDED COLUMN Quantity_Break_id
ADDING FK REFERENCING OUT
ADDING FK REFERENCING OUT
LEAVING TABLE Price_Quantity_Dependency

ARRIVED IN TABLE Price_Order_Value_Dependency
ADDED COLUMN id
IS PRIMARY KEY
ADDED COLUMN Price_Component_id
ADDED COLUMN Order_Value_id
ADDING FK REFERENCING OUT
ADDING FK REFERENCING OUT
LEAVING TABLE Price_Order_Value_Dependency

ARRIVED IN TABLE Price_Component_Product_Association
ADDED COLUMN id
IS PRIMARY KEY
ADDED COLUMN Price_Component_id
ADDED COLUMN Product_id
ADDING FK REFERENCING OUT
ADDING FK REFERENCING OUT
LEAVING TABLE Price_Component_Product_Association

ARRIVED IN TABLE Price_Component_Feature_Association
ADDED COLUMN id
IS PRIMARY KEY
ADDED COLUMN Price_Component_id
ADDED COLUMN Product_Feature_id
ADDING FK REFERENCING OUT
ADDING FK REFERENCING OUT
LEAVING TABLE Price_Component_Feature_Association

ARRIVED IN TABLE Cost_Product_Association
ADDED COLUMN id
IS PRIMARY KEY
ADDED COLUMN Estimated_Product_Cost_id
ADDED COLUMN Product_id
ADDING FK REFERENCING OUT
ADDING FK REFERENCING OUT
LEAVING TABLE Cost_Product_Association

ARRIVED IN TABLE Cost_Feature_Association
ADDED COLUMN id
IS PRIMARY KEY
ADDED COLUMN Estimated_Product_Cost_id
ADDED COLUMN Product_Feature_id
ADDING FK REFERENCING OUT
ADDING FK REFERENCING OUT
LEAVING TABLE Cost_Feature_Association

ARRIVED IN TABLE Cost_Component_Type
ADDED COLUMN id
IS PRIMARY KEY
ADDED COLUMN description
ADDING FK REFERENCING IN
LEAVING TABLE Cost_Component_Type

ARRIVED IN TABLE Cost_Type_Association
ADDED COLUMN id
IS PRIMARY KEY
ADDED COLUMN Estimated_Product_Cost_id
ADDED COLUMN Cost_Component_Type_id
ADDING FK REFERENCING OUT
ADDING FK REFERENCING OUT
LEAVING TABLE Cost_Type_Association

ARRIVED IN TABLE Cost_Organization_Association
ADDED COLUMN id
IS PRIMARY KEY
ADDED COLUMN Estimated_Product_Cost_id
ADDED COLUMN Organization_id
ADDING FK REFERENCING OUT
ADDING FK REFERENCING OUT
LEAVING TABLE Cost_Organization_Association

ARRIVED IN TABLE Product_Component
ADDED COLUMN id
IS PRIMARY KEY
ADDED COLUMN from_date
ADDED COLUMN thru_date
ADDED COLUMN quantity
ADDED COLUMN instruction
ADDED COLUMN comment
ADDED COLUMN Product_id_parent
ADDED COLUMN Product_id_child
ADDING FK REFERENCING OUT
ADDING FK REFERENCING OUT
LEAVING TABLE Product_Component

ARRIVED IN TABLE Product_Substitute
ADDED COLUMN id
IS PRIMARY KEY
ADDED COLUMN from_date
ADDED COLUMN thru_date
ADDED COLUMN quantity
ADDED COLUMN comment
ADDED COLUMN Product_id_original
ADDED COLUMN Product_id_substitute
ADDING FK REFERENCING OUT
ADDING FK REFERENCING OUT
LEAVING TABLE Product_Substitute

ARRIVED IN TABLE Product_Obsolescense
ADDED COLUMN id
IS PRIMARY KEY
ADDED COLUMN supercession_date
ADDED COLUMN reason
ADDED COLUMN Product_id_original
ADDED COLUMN Product_id_replacement
ADDING FK REFERENCING OUT
ADDING FK REFERENCING OUT
LEAVING TABLE Product_Obsolescense

ARRIVED IN TABLE Product_Complement
ADDED COLUMN id
IS PRIMARY KEY
ADDED COLUMN from_date
ADDED COLUMN thru_date
ADDED COLUMN reason
ADDED COLUMN Product_id_a
ADDED COLUMN Product_id_b
ADDING FK REFERENCING OUT
ADDING FK REFERENCING OUT
LEAVING TABLE Product_Complement

ARRIVED IN TABLE Product_Incompatibility
ADDED COLUMN id
IS PRIMARY KEY
ADDED COLUMN from_date
ADDED COLUMN thru_date
ADDED COLUMN reason
ADDED COLUMN Product_id_a
ADDED COLUMN Product_id_b
ADDING FK REFERENCING OUT
ADDING FK REFERENCING OUT
LEAVING TABLE Product_Incompatibility

ARRIVED IN TABLE Order
ADDED COLUMN id
IS PRIMARY KEY
ADDED COLUMN order_date
ADDED COLUMN entry_date
ADDING FK REFERENCING IN
ADDING FK REFERENCING IN
ADDING FK REFERENCING IN
ADDING FK REFERENCING IN
ADDING FK REFERENCING IN
ADDING FK REFERENCING IN
ADDING FK REFERENCING IN
ADDING FK REFERENCING IN
LEAVING TABLE Order

ARRIVED IN TABLE Sales_Order
ADDED COLUMN id
IS PRIMARY KEY
ADDED COLUMN Order_id
ADDING FK REFERENCING OUT
LEAVING TABLE Sales_Order

ARRIVED IN TABLE Purchase_Order
ADDED COLUMN id
IS PRIMARY KEY
ADDED COLUMN Order_id
ADDING FK REFERENCING OUT
LEAVING TABLE Purchase_Order

ARRIVED IN TABLE Order_Item
ADDED COLUMN id
IS PRIMARY KEY
ADDED COLUMN Order_id
ADDED COLUMN Product_Feature_id
ADDED COLUMN Product_id
ADDED COLUMN ordered_with_id
ADDED COLUMN quantity
ADDED COLUMN unit_price
ADDED COLUMN estimated_delivery_date
ADDED COLUMN shipping_instructions
ADDED COLUMN item_description
ADDED COLUMN comment
ADDING FK REFERENCING OUT
ADDING FK REFERENCING OUT
ADDING FK REFERENCING OUT
ADDING FK REFERENCING OUT
ADDING FK REFERENCING IN
ADDING FK REFERENCING IN
ADDING FK REFERENCING IN
ADDING FK REFERENCING IN
ADDING FK REFERENCING IN
ADDING FK REFERENCING IN
ADDING FK REFERENCING IN
ADDING FK REFERENCING IN
ADDING FK REFERENCING IN
ADDING FK REFERENCING IN
LEAVING TABLE Order_Item

ARRIVED IN TABLE Purchase_Order_Item
ADDED COLUMN id
IS PRIMARY KEY
ADDED COLUMN Order_Item_id
ADDING FK REFERENCING OUT
ADDING FK REFERENCING IN
LEAVING TABLE Purchase_Order_Item

ARRIVED IN TABLE Sales_Order_Item
ADDED COLUMN id
IS PRIMARY KEY
ADDED COLUMN Order_Item_id
ADDING FK REFERENCING OUT
ADDING FK REFERENCING IN
LEAVING TABLE Sales_Order_Item

ARRIVED IN TABLE Communication_Event_Role
ADDED COLUMN id
IS PRIMARY KEY
ADDED COLUMN Party_id
ADDED COLUMN Communication_Event_id
ADDED COLUMN Communication_Event_Role_Type_id
ADDING FK REFERENCING OUT
ADDING FK REFERENCING OUT
ADDING FK REFERENCING OUT
LEAVING TABLE Communication_Event_Role

ARRIVED IN TABLE Communication_Event_Role_Type
ADDED COLUMN id
IS PRIMARY KEY
ADDED COLUMN description
ADDING FK REFERENCING IN
LEAVING TABLE Communication_Event_Role_Type

ARRIVED IN TABLE Communication_Event_Status_Type
ADDED COLUMN id
IS PRIMARY KEY
ADDED COLUMN description
ADDING FK REFERENCING IN
LEAVING TABLE Communication_Event_Status_Type

ARRIVED IN TABLE Order_Item_Role
ADDED COLUMN id
IS PRIMARY KEY
ADDED COLUMN Party_id
ADDED COLUMN Order_Item_id
ADDED COLUMN Order_Item_Role_Type_id
ADDED COLUMN comment
ADDING FK REFERENCING OUT
ADDING FK REFERENCING OUT
ADDING FK REFERENCING OUT
LEAVING TABLE Order_Item_Role

ARRIVED IN TABLE Order_Item_Role_Type
ADDED COLUMN id
IS PRIMARY KEY
ADDED COLUMN description
ADDING FK REFERENCING IN
LEAVING TABLE Order_Item_Role_Type

ARRIVED IN TABLE Order_Role
ADDED COLUMN id
IS PRIMARY KEY
ADDED COLUMN Party_id
ADDED COLUMN Order_id
ADDED COLUMN Order_Role_Type_id
ADDED COLUMN percent_contribution
ADDING FK REFERENCING OUT
ADDING FK REFERENCING OUT
ADDING FK REFERENCING OUT
LEAVING TABLE Order_Role

ARRIVED IN TABLE Order_Role_Type
ADDED COLUMN id
IS PRIMARY KEY
ADDED COLUMN description
ADDING FK REFERENCING IN
LEAVING TABLE Order_Role_Type

ARRIVED IN TABLE Order_Communication_Mechanism
ADDED COLUMN id
IS PRIMARY KEY
ADDED COLUMN Order_id
ADDED COLUMN Communication_Mechanism_id
ADDED COLUMN Communication_Mechanism_Purpose_Type_id
ADDING FK REFERENCING OUT
ADDING FK REFERENCING OUT
ADDING FK REFERENCING OUT
LEAVING TABLE Order_Communication_Mechanism

ARRIVED IN TABLE Order_Item_Communication_Mechanism
ADDED COLUMN id
IS PRIMARY KEY
ADDED COLUMN Order_Item_id
ADDED COLUMN Communication_Mechanism_id
ADDED COLUMN Communication_Mechanism_Purpose_Type_id
ADDING FK REFERENCING OUT
ADDING FK REFERENCING OUT
ADDING FK REFERENCING OUT
LEAVING TABLE Order_Item_Communication_Mechanism

ARRIVED IN TABLE Communication_Event_Purpose
ADDED COLUMN id
IS PRIMARY KEY
ADDED COLUMN Communication_Event_id
ADDED COLUMN Communication_Event_Purpose_Type_id
ADDED COLUMN comment
ADDING FK REFERENCING OUT
ADDING FK REFERENCING OUT
LEAVING TABLE Communication_Event_Purpose

ARRIVED IN TABLE Communication_Event_Purpose_Type
ADDED COLUMN id
IS PRIMARY KEY
ADDED COLUMN description
ADDING FK REFERENCING IN
LEAVING TABLE Communication_Event_Purpose_Type

ARRIVED IN TABLE Communication_Mechanism_Purpose_Type
ADDED COLUMN id
IS PRIMARY KEY
ADDED COLUMN description
ADDING FK REFERENCING IN
ADDING FK REFERENCING IN
LEAVING TABLE Communication_Mechanism_Purpose_Type

ARRIVED IN TABLE Communication_Mechanism_Type
ADDED COLUMN id
IS PRIMARY KEY
ADDED COLUMN description
ADDING FK REFERENCING IN
LEAVING TABLE Communication_Mechanism_Type

ARRIVED IN TABLE Alternate_Search_String
ADDED COLUMN id
IS PRIMARY KEY
ADDED COLUMN Good_Identification_id
ADDED COLUMN search_string
ADDING FK REFERENCING OUT
LEAVING TABLE Alternate_Search_String

ARRIVED IN TABLE Selectable_Feature_Group
ADDED COLUMN id
IS PRIMARY KEY
ADDED COLUMN description
ADDING FK REFERENCING IN
LEAVING TABLE Selectable_Feature_Group

ARRIVED IN TABLE Order_Adjustment
ADDED COLUMN id
IS PRIMARY KEY
ADDED COLUMN Order_id
ADDED COLUMN Order_Item_id
ADDED COLUMN Order_Adjustment_Type_id
ADDED COLUMN amount
ADDED COLUMN percentage
ADDING FK REFERENCING OUT
ADDING FK REFERENCING OUT
ADDING FK REFERENCING OUT
ADDING FK REFERENCING IN
ADDING FK REFERENCING IN
ADDING FK REFERENCING IN
ADDING FK REFERENCING IN
ADDING FK REFERENCING IN
ADDING FK REFERENCING IN
LEAVING TABLE Order_Adjustment

ARRIVED IN TABLE Order_Adjustment_Type
ADDED COLUMN id
IS PRIMARY KEY
ADDED COLUMN description
ADDING FK REFERENCING IN
LEAVING TABLE Order_Adjustment_Type

ARRIVED IN TABLE Miscellaneous_Charge
ADDED COLUMN id
IS PRIMARY KEY
ADDED COLUMN Order_Adjustment_id
ADDING FK REFERENCING OUT
LEAVING TABLE Miscellaneous_Charge

ARRIVED IN TABLE Discount_Adjustment
ADDED COLUMN id
IS PRIMARY KEY
ADDED COLUMN Order_Adjustment_id
ADDING FK REFERENCING OUT
LEAVING TABLE Discount_Adjustment

ARRIVED IN TABLE Surcharge_Adjustment
ADDED COLUMN id
IS PRIMARY KEY
ADDED COLUMN Order_Adjustment_id
ADDING FK REFERENCING OUT
LEAVING TABLE Surcharge_Adjustment

ARRIVED IN TABLE Sales_Tax
ADDED COLUMN id
IS PRIMARY KEY
ADDED COLUMN Order_Adjustment_id
ADDING FK REFERENCING OUT
LEAVING TABLE Sales_Tax

ARRIVED IN TABLE Shipping_and_Handling
ADDED COLUMN id
IS PRIMARY KEY
ADDED COLUMN Order_Adjustment_id
ADDING FK REFERENCING OUT
LEAVING TABLE Shipping_and_Handling

ARRIVED IN TABLE Fee
ADDED COLUMN id
IS PRIMARY KEY
ADDED COLUMN Order_Adjustment_id
ADDING FK REFERENCING OUT
LEAVING TABLE Fee

ARRIVED IN TABLE Sales_Tax_Lookup
ADDED COLUMN id
IS PRIMARY KEY
ADDED COLUMN Product_Category_id
ADDED COLUMN percentage
ADDING FK REFERENCING OUT
ADDING FK REFERENCING IN
LEAVING TABLE Sales_Tax_Lookup

ARRIVED IN TABLE Order_Term
ADDED COLUMN id
IS PRIMARY KEY
ADDED COLUMN Order_id
ADDED COLUMN Order_Item_id
ADDED COLUMN Order_Term_Type_id
ADDED COLUMN term_value
ADDING FK REFERENCING OUT
ADDING FK REFERENCING OUT
ADDING FK REFERENCING OUT
LEAVING TABLE Order_Term

ARRIVED IN TABLE Order_Status
ADDED COLUMN id
IS PRIMARY KEY
ADDED COLUMN Order_id
ADDED COLUMN Order_Item_id
ADDED COLUMN Order_Status_Type_id
ADDED COLUMN status_datetime
ADDING FK REFERENCING OUT
ADDING FK REFERENCING OUT
ADDING FK REFERENCING OUT
LEAVING TABLE Order_Status

ARRIVED IN TABLE Order_Term_Type
ADDED COLUMN id
IS PRIMARY KEY
ADDED COLUMN description
ADDING FK REFERENCING IN
LEAVING TABLE Order_Term_Type

ARRIVED IN TABLE Order_Status_Type
ADDED COLUMN id
IS PRIMARY KEY
ADDED COLUMN description
ADDING FK REFERENCING IN
LEAVING TABLE Order_Status_Type

ARRIVED IN TABLE Order_Item_Association
ADDED COLUMN id
IS PRIMARY KEY
ADDED COLUMN Purchase_Order_Item_id
IS PRIMARY KEY
ADDED COLUMN Sales_Order_Item_id
IS PRIMARY KEY
ADDING FK REFERENCING OUT
ADDING FK REFERENCING OUT
LEAVING TABLE Order_Item_Association

ARRIVED IN TABLE Shipment
ADDED COLUMN id
IS PRIMARY KEY
ADDED COLUMN Party_id
ADDED COLUMN Party_id1
ADDED COLUMN Address_id
ADDED COLUMN Address_id1
ADDED COLUMN Phone_Number_id
ADDED COLUMN estimated_ship_date
ADDED COLUMN estimated_ready_date
ADDED COLUMN estimated_arrival_date
ADDED COLUMN estimated_ship_cost
ADDED COLUMN actual_ship_cost
ADDED COLUMN latest_cancel_date
ADDED COLUMN handling_instructions
ADDED COLUMN last_updated
ADDING FK REFERENCING OUT
ADDING FK REFERENCING OUT
ADDING FK REFERENCING OUT
ADDING FK REFERENCING OUT
ADDING FK REFERENCING OUT
ADDING FK REFERENCING IN
ADDING FK REFERENCING IN
ADDING FK REFERENCING IN
ADDING FK REFERENCING IN
ADDING FK REFERENCING IN
ADDING FK REFERENCING IN
LEAVING TABLE Shipment

ARRIVED IN TABLE Outgoing_Shipment
ADDED COLUMN id
IS PRIMARY KEY
ADDED COLUMN Shipment_id
ADDING FK REFERENCING OUT
ADDING FK REFERENCING IN
ADDING FK REFERENCING IN
LEAVING TABLE Outgoing_Shipment

ARRIVED IN TABLE Incoming_Shipment
ADDED COLUMN id
IS PRIMARY KEY
ADDED COLUMN Shipment_id
ADDING FK REFERENCING OUT
ADDING FK REFERENCING IN
ADDING FK REFERENCING IN
LEAVING TABLE Incoming_Shipment

ARRIVED IN TABLE Customer_Shipment
ADDED COLUMN id
IS PRIMARY KEY
ADDED COLUMN Outgoing_Shipment_id
ADDING FK REFERENCING OUT
LEAVING TABLE Customer_Shipment

ARRIVED IN TABLE Purchase_Return
ADDED COLUMN id
IS PRIMARY KEY
ADDED COLUMN Outgoing_Shipment_id
ADDING FK REFERENCING OUT
LEAVING TABLE Purchase_Return

ARRIVED IN TABLE Purchase_Shipment
ADDED COLUMN id
IS PRIMARY KEY
ADDED COLUMN Incoming_Shipment_id
ADDING FK REFERENCING OUT
LEAVING TABLE Purchase_Shipment

ARRIVED IN TABLE Customer_Return
ADDED COLUMN id
IS PRIMARY KEY
ADDED COLUMN Incoming_Shipment_id
ADDING FK REFERENCING OUT
LEAVING TABLE Customer_Return

ARRIVED IN TABLE Transfer
ADDED COLUMN id
IS PRIMARY KEY
ADDED COLUMN Shipment_id
ADDING FK REFERENCING OUT
LEAVING TABLE Transfer

ARRIVED IN TABLE Drop_Shipment
ADDED COLUMN id
IS PRIMARY KEY
ADDED COLUMN Shipment_id
ADDING FK REFERENCING OUT
LEAVING TABLE Drop_Shipment

ARRIVED IN TABLE Shipment_Item
ADDED COLUMN id
IS PRIMARY KEY
ADDED COLUMN Good_id
ADDED COLUMN Shipment_id
ADDED COLUMN in_response_to
ADDED COLUMN quantity
ADDED COLUMN shipment_contents_description
ADDING FK REFERENCING OUT
ADDING FK REFERENCING OUT
ADDING FK REFERENCING OUT
ADDING FK REFERENCING IN
ADDING FK REFERENCING IN
ADDING FK REFERENCING IN
ADDING FK REFERENCING IN
ADDING FK REFERENCING IN
LEAVING TABLE Shipment_Item

ARRIVED IN TABLE Shipment_Status
ADDED COLUMN id
IS PRIMARY KEY
ADDED COLUMN Shipment_id
ADDED COLUMN Shipment_Status_Type_id
ADDED COLUMN status_timestamp
ADDING FK REFERENCING OUT
ADDING FK REFERENCING OUT
LEAVING TABLE Shipment_Status

ARRIVED IN TABLE Shipment_Status_Type
ADDED COLUMN id
IS PRIMARY KEY
ADDED COLUMN description
ADDING FK REFERENCING IN
LEAVING TABLE Shipment_Status_Type

ARRIVED IN TABLE Order_Shipment
ADDED COLUMN id
IS PRIMARY KEY
ADDED COLUMN Shipment_Item_id
ADDED COLUMN Order_Item_id
ADDED COLUMN quantity
ADDING FK REFERENCING OUT
ADDING FK REFERENCING OUT
LEAVING TABLE Order_Shipment

ARRIVED IN TABLE Shipment_Item_Feature
ADDED COLUMN id
IS PRIMARY KEY
ADDED COLUMN Shipment_Item_id
ADDED COLUMN Product_Feature_id
ADDING FK REFERENCING OUT
ADDING FK REFERENCING OUT
LEAVING TABLE Shipment_Item_Feature

ARRIVED IN TABLE Shipment_Receipt
ADDED COLUMN id
IS PRIMARY KEY
ADDED COLUMN Shipment_Package_id
ADDED COLUMN Good_id
ADDED COLUMN Order_Item_id
ADDED COLUMN Inventory_Item_id
ADDED COLUMN Rejection_Reason_id
ADDED COLUMN datetime_received
ADDED COLUMN item_description
ADDED COLUMN quantity_accepted
ADDED COLUMN quantity_rejected
ADDING FK REFERENCING OUT
ADDING FK REFERENCING OUT
ADDING FK REFERENCING OUT
ADDING FK REFERENCING OUT
ADDING FK REFERENCING OUT
ADDING FK REFERENCING IN
LEAVING TABLE Shipment_Receipt

ARRIVED IN TABLE Rejection_Reason
ADDED COLUMN id
IS PRIMARY KEY
ADDED COLUMN description
ADDING FK REFERENCING IN
LEAVING TABLE Rejection_Reason

ARRIVED IN TABLE Shipment_Receipt_Role
ADDED COLUMN id
IS PRIMARY KEY
ADDED COLUMN Party_id
ADDED COLUMN Shipment_Receipt_id
ADDED COLUMN Shipment_Receipt_Role_Type_id
ADDING FK REFERENCING OUT
ADDING FK REFERENCING OUT
ADDING FK REFERENCING OUT
LEAVING TABLE Shipment_Receipt_Role

ARRIVED IN TABLE Shipment_Receipt_Role_Type
ADDED COLUMN id
IS PRIMARY KEY
ADDED COLUMN description
ADDING FK REFERENCING IN
LEAVING TABLE Shipment_Receipt_Role_Type

ARRIVED IN TABLE Shipment_Package
ADDED COLUMN id
IS PRIMARY KEY
ADDED COLUMN date_created
ADDING FK REFERENCING IN
ADDING FK REFERENCING IN
LEAVING TABLE Shipment_Package

ARRIVED IN TABLE Packaging_Content
ADDED COLUMN id
IS PRIMARY KEY
ADDED COLUMN Shipment_Package_id
ADDED COLUMN Shipment_Item_id
ADDED COLUMN qty
ADDING FK REFERENCING OUT
ADDING FK REFERENCING OUT
LEAVING TABLE Packaging_Content

ARRIVED IN TABLE Item_Issuance
ADDED COLUMN id
IS PRIMARY KEY
ADDED COLUMN Inventory_Item_id
ADDED COLUMN Shipment_Item_id
ADDED COLUMN Picklist_Item_id
ADDED COLUMN Issuance_Reason_id
ADDED COLUMN issued_datetime
ADDED COLUMN quantity
ADDING FK REFERENCING OUT
ADDING FK REFERENCING OUT
ADDING FK REFERENCING OUT
ADDING FK REFERENCING OUT
ADDING FK REFERENCING IN
LEAVING TABLE Item_Issuance

ARRIVED IN TABLE Item_Issuance_Role
ADDED COLUMN id
IS PRIMARY KEY
ADDED COLUMN Party_id
ADDED COLUMN Item_Issuance_id
ADDED COLUMN Item_Issuance_Role_Type_id
ADDING FK REFERENCING OUT
ADDING FK REFERENCING OUT
ADDING FK REFERENCING OUT
LEAVING TABLE Item_Issuance_Role

ARRIVED IN TABLE Item_Issuance_Role_Type
ADDED COLUMN id
IS PRIMARY KEY
ADDED COLUMN description
ADDING FK REFERENCING IN
LEAVING TABLE Item_Issuance_Role_Type

ARRIVED IN TABLE Picklist_Item
ADDED COLUMN id
IS PRIMARY KEY
ADDED COLUMN quantity
ADDED COLUMN Picklist_id
ADDED COLUMN Inventory_Item_id
ADDING FK REFERENCING OUT
ADDING FK REFERENCING OUT
ADDING FK REFERENCING IN
LEAVING TABLE Picklist_Item

ARRIVED IN TABLE Picklist
ADDED COLUMN id
IS PRIMARY KEY
ADDED COLUMN date_created
ADDING FK REFERENCING IN
LEAVING TABLE Picklist

ARRIVED IN TABLE Issuance_Reason
ADDED COLUMN id
IS PRIMARY KEY
ADDED COLUMN description
ADDING FK REFERENCING IN
LEAVING TABLE Issuance_Reason

ARRIVED IN TABLE Event
ADDED COLUMN id
IS PRIMARY KEY
ADDED COLUMN name
ADDED COLUMN description
ADDING FK REFERENCING IN
ADDING FK REFERENCING IN
LEAVING TABLE Event

ARRIVED IN TABLE Event_Party_Association
ADDED COLUMN id
IS PRIMARY KEY
ADDED COLUMN Party_id
ADDED COLUMN Event_id
ADDING FK REFERENCING OUT
ADDING FK REFERENCING OUT
ADDING FK REFERENCING IN
LEAVING TABLE Event_Party_Association

ARRIVED IN TABLE Event_Party_Association_Role
ADDED COLUMN id
IS PRIMARY KEY
ADDED COLUMN Event_Party_Association_Role_Type_id
ADDED COLUMN Event_Party_Association_id
ADDING FK REFERENCING OUT
ADDING FK REFERENCING OUT
LEAVING TABLE Event_Party_Association_Role

ARRIVED IN TABLE Event_Party_Association_Role_Type
ADDED COLUMN id
IS PRIMARY KEY
ADDED COLUMN description
ADDING FK REFERENCING IN
LEAVING TABLE Event_Party_Association_Role_Type

ARRIVED IN TABLE Event_Schedule
ADDED COLUMN id
IS PRIMARY KEY
ADDED COLUMN Event_id
ADDING FK REFERENCING OUT
ADDING FK REFERENCING IN
ADDING FK REFERENCING IN
LEAVING TABLE Event_Schedule

ARRIVED IN TABLE Incidental_Schedule
ADDED COLUMN id
IS PRIMARY KEY
ADDED COLUMN from_datetime
ADDED COLUMN thru_datetime
ADDED COLUMN Event_Schedule_id
ADDING FK REFERENCING OUT
LEAVING TABLE Incidental_Schedule

ARRIVED IN TABLE Reoccurring_Schedule
ADDED COLUMN id
IS PRIMARY KEY
ADDED COLUMN from_date
ADDED COLUMN thru_date
ADDED COLUMN Event_Schedule_id
ADDING FK REFERENCING OUT
ADDING FK REFERENCING IN
ADDING FK REFERENCING IN
ADDING FK REFERENCING IN
LEAVING TABLE Reoccurring_Schedule

ARRIVED IN TABLE RS_Day_of_Week
ADDED COLUMN id
IS PRIMARY KEY
ADDED COLUMN day
ADDED COLUMN Reoccurring_Schedule_id
ADDING FK REFERENCING OUT
LEAVING TABLE RS_Day_of_Week

ARRIVED IN TABLE RS_Day_of_Month
ADDED COLUMN id
IS PRIMARY KEY
ADDED COLUMN day
ADDED COLUMN Reoccurring_Schedule_id
ADDING FK REFERENCING OUT
LEAVING TABLE RS_Day_of_Month

ARRIVED IN TABLE RS_Scheduled_Time
ADDED COLUMN id
IS PRIMARY KEY
ADDED COLUMN from_time
ADDED COLUMN thru_time
ADDED COLUMN Reoccurring_Schedule_id
ADDING FK REFERENCING OUT
LEAVING TABLE RS_Scheduled_Time

ARRIVED IN TABLE Sales_Tax_State_Dependency
ADDED COLUMN id
IS PRIMARY KEY
ADDED COLUMN state_code
ADDED COLUMN Sales_Tax_Lookup_id
ADDING FK REFERENCING OUT
LEAVING TABLE Sales_Tax_State_Dependency

DONE